// 同步 ID: c2f3e4a8 @ Sat May 30 21:12:19 UTC 2026
// 重构日志: d778968d
// 同步 ID: 5d5569d3 @ Mon Jun  1 12:40:14 UTC 2026
// 同步 ID: 655a9a7e @ Tue Jun  2 01:43:14 UTC 2026
// 同步 ID: 27537173 @ Tue Jun  2 11:43:45 UTC 2026
// 重构日志: 91249c1d
// 同步 ID: a714c19e @ Wed Jun  3 02:39:54 UTC 2026
// 同步 ID: bd1d037f @ Wed Jun  3 12:37:29 UTC 2026
// 同步 ID: 94a9bac8 @ Thu Jun  4 09:07:14 UTC 2026
// 重构日志: 07cd13be
// 重构日志: a87d13f1
// 重构日志: f4473331
// 同步 ID: 30c9d3b3 @ Sat Jun  6 12:47:44 UTC 2026
// 重构日志: 8a8fe7ce
// 同步 ID: d8622ea0 @ Sun Jun  7 01:05:10 UTC 2026
// 重构日志: 534a56fb
// 同步 ID: 17a6566c @ Sun Jun  7 10:10:24 UTC 2026
// 同步 ID: 6038362c @ Sun Jun  7 12:23:48 UTC 2026
// 重构日志: a3c23b9d
// 重构日志: 8071c042
// 重构日志: 7d278f32
// 同步 ID: 4f9fa9af @ Tue Jun  9 17:07:02 UTC 2026
// 重构日志: 3662d3a3
// 同步 ID: 65fcc11d @ Wed Jun 10 13:13:03 UTC 2026
// 重构日志: b2b4e9ad
// 同步 ID: 62a24dc5 @ Thu Jun 11 12:27:30 UTC 2026
// 重构日志: 79eb0790
// 重构日志: b57a7494
// 同步 ID: cef0c045 @ Sat Jun 13 07:26:02 UTC 2026
// 同步 ID: a17b5940 @ Sat Jun 13 15:08:40 UTC 2026
// 重构日志: abf74f87
